<?xml version="1.0" encoding="UTF-8"?>
<!-- Generated by org.testng.reporters.JUnitReportReporter -->
<testsuite hostname="MWDH-Work2" failures="0" tests="1" name="ass1BasicTypeofXPath.ChromWebDriver" time="24.038" errors="0" timestamp="2022-07-27T03:52:27 AST" skipped="0">
  <testcase classname="ass1BasicTypeofXPath.ChromWebDriver" name="LearnEnglishWebSite" time="24.038"/>
  <system-out/>
</testsuite> <!-- ass1BasicTypeofXPath.ChromWebDriver -->
